16:38:39.390 react-dom-client.development.js:28004 Download the React DevTools for a better development experience: https://react.dev/link/react-devtools
16:38:39.421 core.js:297 Uncaught (in promise) Error: No checkout popup config found
    at core.js:297:55043
    at async Y1 (core.js:297:54962)
(anonymous) @ core.js:297
await in (anonymous)
Y1 @ core.js:297
V1 @ core.js:336
(anonymous) @ core.js:342
Promise.then
(anonymous) @ core.js:342
16:38:39.912 index.js:1196 DEBUG tokio_fs_ext::fs::wasm::write: writing file path=package-lock.json size=87605

16:38:39.936 index.js:1196 DEBUG tokio_fs_ext::fs::wasm::write: file written successfully path=package-lock.json

16:38:39.937 index.js:1196 DEBUG tokio_fs_ext::fs::wasm::write: writing file path=package.json size=483

16:38:39.938 index.js:1884 using deprecated parameters for the initialization function; pass a single object instead
__wbg_init @ index.js:1884
self.onmessage @ 3f51e50c-ba18-48ef-9410-411931655b1b:10
16:38:39.940 index.js:1196 DEBUG tokio_fs_ext::fs::wasm::write: file written successfully path=package.json

16:38:39.940 index.js:1196 DEBUG tokio_fs_ext::fs::wasm::write: writing file path=postcss.config.js size=83

16:38:39.941 index.js:1884 using deprecated parameters for the initialization function; pass a single object instead
__wbg_init @ index.js:1884
self.onmessage @ 3f51e50c-ba18-48ef-9410-411931655b1b:10
16:38:39.942 index.js:1884 using deprecated parameters for the initialization function; pass a single object instead
__wbg_init @ index.js:1884
self.onmessage @ 3f51e50c-ba18-48ef-9410-411931655b1b:10
16:38:39.942 index.js:1884 using deprecated parameters for the initialization function; pass a single object instead
__wbg_init @ index.js:1884
self.onmessage @ 3f51e50c-ba18-48ef-9410-411931655b1b:10
16:38:39.943 index.js:1884 using deprecated parameters for the initialization function; pass a single object instead
__wbg_init @ index.js:1884
self.onmessage @ 3f51e50c-ba18-48ef-9410-411931655b1b:10
16:38:39.945 index.js:1196 DEBUG tokio_fs_ext::fs::wasm::write: file written successfully path=postcss.config.js

16:38:39.946 index.js:1196 DEBUG tokio_fs_ext::fs::wasm::write: writing file path=src/App.less size=132

16:38:39.948 index.js:1196 DEBUG tokio_fs_ext::fs::wasm::write: file written successfully path=src/App.less

16:38:39.948 index.js:1196 DEBUG tokio_fs_ext::fs::wasm::write: writing file path=src/App.tsx size=2237

16:38:39.949 index.js:1884 using deprecated parameters for the initialization function; pass a single object instead
__wbg_init @ index.js:1884
self.onmessage @ 3f51e50c-ba18-48ef-9410-411931655b1b:10
16:38:39.951 index.js:1884 using deprecated parameters for the initialization function; pass a single object instead
__wbg_init @ index.js:1884
self.onmessage @ 3f51e50c-ba18-48ef-9410-411931655b1b:10
16:38:39.951 index.js:1884 using deprecated parameters for the initialization function; pass a single object instead
__wbg_init @ index.js:1884
self.onmessage @ 3f51e50c-ba18-48ef-9410-411931655b1b:10
16:38:39.952 index.js:1884 using deprecated parameters for the initialization function; pass a single object instead
__wbg_init @ index.js:1884
self.onmessage @ 3f51e50c-ba18-48ef-9410-411931655b1b:10
16:38:39.952 index.js:1884 using deprecated parameters for the initialization function; pass a single object instead
__wbg_init @ index.js:1884
self.onmessage @ 3f51e50c-ba18-48ef-9410-411931655b1b:10
16:38:39.952 index.js:1196 DEBUG tokio_fs_ext::fs::wasm::write: file written successfully path=src/App.tsx

16:38:39.952 index.js:1196 DEBUG tokio_fs_ext::fs::wasm::write: writing file path=src/TailwindExamples.tsx size=6290

16:38:39.955 index.js:1884 using deprecated parameters for the initialization function; pass a single object instead
__wbg_init @ index.js:1884
self.onmessage @ 3f51e50c-ba18-48ef-9410-411931655b1b:10
16:38:39.955 index.js:1196 DEBUG tokio_fs_ext::fs::wasm::write: file written successfully path=src/TailwindExamples.tsx

16:38:39.956 index.js:1196 DEBUG tokio_fs_ext::fs::wasm::write: writing file path=src/index.css size=1311

16:38:39.958 index.js:1196 DEBUG tokio_fs_ext::fs::wasm::write: file written successfully path=src/index.css

16:38:39.959 index.js:1196 DEBUG tokio_fs_ext::fs::wasm::write: writing file path=src/index.tsx size=188

16:38:39.960 index.js:1884 using deprecated parameters for the initialization function; pass a single object instead
__wbg_init @ index.js:1884
self.onmessage @ 3f51e50c-ba18-48ef-9410-411931655b1b:10
16:38:39.961 index.js:1196 DEBUG tokio_fs_ext::fs::wasm::write: file written successfully path=src/index.tsx

16:38:39.962 index.js:1196 DEBUG tokio_fs_ext::fs::wasm::write: writing file path=tailwind.config.js size=985

16:38:39.964 index.js:1196 DEBUG tokio_fs_ext::fs::wasm::write: file written successfully path=tailwind.config.js

16:38:39.965 index.js:1196 DEBUG tokio_fs_ext::fs::wasm::write: writing file path=utoopack.json size=160

16:38:39.968 index.js:1196 DEBUG tokio_fs_ext::fs::wasm::write: file written successfully path=utoopack.json

16:38:39.971 utooService.ts:40 hasPackageLock: found
16:38:39.972 utooService.ts:87 hasLock: true
16:38:39.972 utooService.ts:129 OPFS Project: Start to install dependencies (lazy mode).
16:38:39.972 utooService.ts:134 Reading existing package-lock.json...
16:38:39.973 utooService.ts:157 Installing...
16:38:40.084 index.js:1196 DEBUG tokio_fs_ext::fs::wasm::write: writing file path=node_modules/rc-segmented/fuse.link size=53

16:38:40.084 index.js:1196 DEBUG tokio_fs_ext::fs::wasm::write: writing file path=node_modules/hasown/fuse.link size=41

16:38:40.084  DEBUG tokio_fs_ext::fs::wasm::write: writing file path=node_modules/caniuse-lite/fuse.link size=60

16:38:40.084  DEBUG tokio_fs_ext::fs::wasm::write: writing file path=node_modules/reusify/fuse.link size=43

16:38:40.084  DEBUG tokio_fs_ext::fs::wasm::write: writing file path=node_modules/rc-tree/fuse.link size=44

16:38:40.084  DEBUG tokio_fs_ext::fs::wasm::write: writing file path=node_modules/rc-dialog/fuse.link size=47

16:38:40.084  DEBUG tokio_fs_ext::fs::wasm::write: writing file path=node_modules/graceful-fs/fuse.link size=52

16:38:40.084  DEBUG tokio_fs_ext::fs::wasm::write: writing file path=node_modules/rc-upload/fuse.link size=47

16:38:40.085  DEBUG tokio_fs_ext::fs::wasm::write: writing file path=node_modules/glob-parent/fuse.link size=51

16:38:40.085  DEBUG tokio_fs_ext::fs::wasm::write: writing file path=node_modules/pirates/fuse.link size=43

16:38:40.085  DEBUG tokio_fs_ext::fs::wasm::write: writing file path=node_modules/object-assign/fuse.link size=55

16:38:40.085  DEBUG tokio_fs_ext::fs::wasm::write: writing file path=node_modules/resize-observer-polyfill/fuse.link size=77

16:38:40.085  DEBUG tokio_fs_ext::fs::wasm::write: writing file path=node_modules/fraction.js/fuse.link size=51

16:38:40.085  DEBUG tokio_fs_ext::fs::wasm::write: writing file path=node_modules/tslib/fuse.link size=39

16:38:40.085  DEBUG tokio_fs_ext::fs::wasm::write: writing file path=node_modules/micromatch/fuse.link size=49

16:38:40.085  DEBUG tokio_fs_ext::fs::wasm::write: writing file path=node_modules/moment/fuse.link size=42

16:38:40.085  DEBUG tokio_fs_ext::fs::wasm::write: writing file path=node_modules/tailwindcss/fuse.link size=52

16:38:40.085  DEBUG tokio_fs_ext::fs::wasm::write: writing file path=node_modules/rc-util/fuse.link size=44

16:38:40.085  DEBUG tokio_fs_ext::fs::wasm::write: writing file path=node_modules/tinyglobby/fuse.link size=50

16:38:40.085  DEBUG tokio_fs_ext::fs::wasm::write: writing file path=node_modules/postcss-nested/fuse.link size=57

16:38:40.086  DEBUG tokio_fs_ext::fs::wasm::write: writing file path=node_modules/fast-glob/fuse.link size=47

16:38:40.086  DEBUG tokio_fs_ext::fs::wasm::write: writing file path=node_modules/toggle-selection/fuse.link size=61

16:38:40.086  DEBUG tokio_fs_ext::fs::wasm::write: writing file path=node_modules/dlv/fuse.link size=35

16:38:40.086  DEBUG tokio_fs_ext::fs::wasm::write: writing file path=node_modules/to-regex-range/fuse.link size=57

16:38:40.086  DEBUG tokio_fs_ext::fs::wasm::write: writing file path=node_modules/run-parallel/fuse.link size=53

16:38:40.086  DEBUG tokio_fs_ext::fs::wasm::write: writing file path=node_modules/cssesc/fuse.link size=41

16:38:40.086  DEBUG tokio_fs_ext::fs::wasm::write: writing file path=node_modules/commander/fuse.link size=47

16:38:40.086  DEBUG tokio_fs_ext::fs::wasm::write: writing file path=node_modules/string-convert/fuse.link size=57

16:38:40.086  DEBUG tokio_fs_ext::fs::wasm::write: writing file path=node_modules/react/fuse.link size=40

16:38:40.086  DEBUG tokio_fs_ext::fs::wasm::write: writing file path=node_modules/rc-virtual-list/fuse.link size=60

16:38:40.086  DEBUG tokio_fs_ext::fs::wasm::write: writing file path=node_modules/postcss-import/fuse.link size=58

16:38:40.086  DEBUG tokio_fs_ext::fs::wasm::write: writing file path=node_modules/image-size/fuse.link size=49

16:38:40.087  DEBUG tokio_fs_ext::fs::wasm::write: writing file path=node_modules/postcss-load-config/fuse.link size=67

16:38:40.087  DEBUG tokio_fs_ext::fs::wasm::write: writing file path=node_modules/less/fuse.link size=37

16:38:40.087  DEBUG tokio_fs_ext::fs::wasm::write: writing file path=node_modules/rc-rate/fuse.link size=44

16:38:40.087  DEBUG tokio_fs_ext::fs::wasm::write: writing file path=node_modules/util-deprecate/fuse.link size=57

16:38:40.087  DEBUG tokio_fs_ext::fs::wasm::write: writing file path=node_modules/rc-select/fuse.link size=49

16:38:40.087  DEBUG tokio_fs_ext::fs::wasm::write: writing file path=node_modules/node-releases/fuse.link size=56

16:38:40.087  DEBUG tokio_fs_ext::fs::wasm::write: writing file path=node_modules/rc-checkbox/fuse.link size=51

16:38:40.087  DEBUG tokio_fs_ext::fs::wasm::write: writing file path=node_modules/needle/fuse.link size=41

16:38:40.087  DEBUG tokio_fs_ext::fs::wasm::write: writing file path=node_modules/thenify-all/fuse.link size=51

16:38:40.087  DEBUG tokio_fs_ext::fs::wasm::write: writing file path=node_modules/postcss-js/fuse.link size=49

16:38:40.087  DEBUG tokio_fs_ext::fs::wasm::write: writing file path=node_modules/scheduler/fuse.link size=48

16:38:40.087  DEBUG tokio_fs_ext::fs::wasm::write: writing file path=node_modules/function-bind/fuse.link size=55

16:38:40.087  DEBUG tokio_fs_ext::fs::wasm::write: writing file path=node_modules/fill-range/fuse.link size=49

16:38:40.087  DEBUG tokio_fs_ext::fs::wasm::write: writing file path=node_modules/picocolors/fuse.link size=49

16:38:40.088  DEBUG tokio_fs_ext::fs::wasm::write: writing file path=node_modules/source-map/fuse.link size=49

16:38:40.088  DEBUG tokio_fs_ext::fs::wasm::write: writing file path=node_modules/autoprefixer/fuse.link size=55

16:38:40.088  DEBUG tokio_fs_ext::fs::wasm::write: writing file path=node_modules/chokidar/fuse.link size=45

16:38:40.088  DEBUG tokio_fs_ext::fs::wasm::write: writing file path=node_modules/is-extglob/fuse.link size=49

16:38:40.088  DEBUG tokio_fs_ext::fs::wasm::write: writing file path=node_modules/antd/fuse.link size=38

16:38:40.088  DEBUG tokio_fs_ext::fs::wasm::write: writing file path=node_modules/rc-table/fuse.link size=46

16:38:40.088  DEBUG tokio_fs_ext::fs::wasm::write: writing file path=node_modules/is-number/fuse.link size=47

16:38:40.088  DEBUG tokio_fs_ext::fs::wasm::write: writing file path=node_modules/postcss-selector-parser/fuse.link size=75

16:38:40.088  DEBUG tokio_fs_ext::fs::wasm::write: writing file path=node_modules/scroll-into-view-if-needed/fuse.link size=81

16:38:40.089  DEBUG tokio_fs_ext::fs::wasm::write: writing file path=node_modules/rc-slider/fuse.link size=48

16:38:40.089  DEBUG tokio_fs_ext::fs::wasm::write: writing file path=node_modules/safer-buffer/fuse.link size=53

16:38:40.089  DEBUG tokio_fs_ext::fs::wasm::write: writing file path=node_modules/rc-steps/fuse.link size=45

16:38:40.089  DEBUG tokio_fs_ext::fs::wasm::write: writing file path=node_modules/readdirp/fuse.link size=45

16:38:40.089  DEBUG tokio_fs_ext::fs::wasm::write: writing file path=node_modules/rc-overflow/fuse.link size=51

16:38:40.090  DEBUG tokio_fs_ext::fs::wasm::write: writing file path=node_modules/arg/fuse.link size=35

16:38:40.090  DEBUG tokio_fs_ext::fs::wasm::write: writing file path=node_modules/thenify/fuse.link size=43

16:38:40.090  DEBUG tokio_fs_ext::fs::wasm::write: writing file path=node_modules/is-glob/fuse.link size=43

16:38:40.090  DEBUG tokio_fs_ext::fs::wasm::write: writing file path=node_modules/rc-image/fuse.link size=46

16:38:40.090  DEBUG tokio_fs_ext::fs::wasm::write: writing file path=node_modules/tailwindcss-animate/fuse.link size=67

16:38:40.090 index.js:1196 DEBUG tokio_fs_ext::fs::wasm::write: writing file path=node_modules/baseline-browser-mapping/fuse.link size=77

16:38:40.090 index.js:1196 DEBUG tokio_fs_ext::fs::wasm::write: writing file path=node_modules/resolve/fuse.link size=45

16:38:40.090 index.js:1196 DEBUG tokio_fs_ext::fs::wasm::write: writing file path=node_modules/copy-anything/fuse.link size=55

16:38:40.090 index.js:1196 DEBUG tokio_fs_ext::fs::wasm::write: writing file path=node_modules/sucrase/fuse.link size=44

16:38:40.090 index.js:1196 DEBUG tokio_fs_ext::fs::wasm::write: writing file path=node_modules/less-loader/fuse.link size=52

16:38:40.091 index.js:1196 DEBUG tokio_fs_ext::fs::wasm::write: writing file path=node_modules/json2mq/fuse.link size=43

16:38:40.091 index.js:1196 DEBUG tokio_fs_ext::fs::wasm::write: writing file path=node_modules/iconv-lite/fuse.link size=49

16:38:40.091 index.js:1196 DEBUG tokio_fs_ext::fs::wasm::write: writing file path=node_modules/rc-mentions/fuse.link size=52

16:38:40.091 index.js:1196 DEBUG tokio_fs_ext::fs::wasm::write: writing file path=node_modules/object-hash/fuse.link size=51

16:38:40.091 index.js:1196 DEBUG tokio_fs_ext::fs::wasm::write: writing file path=node_modules/escalade/fuse.link size=45

16:38:40.091 index.js:1196 DEBUG tokio_fs_ext::fs::wasm::write: writing file path=node_modules/lilconfig/fuse.link size=47

16:38:40.091 index.js:1196 DEBUG tokio_fs_ext::fs::wasm::write: writing file path=node_modules/rc-dropdown/fuse.link size=51

16:38:40.091 index.js:1196 DEBUG tokio_fs_ext::fs::wasm::write: writing file path=node_modules/stylis/fuse.link size=41

16:38:40.091 index.js:1196 DEBUG tokio_fs_ext::fs::wasm::write: writing file path=node_modules/is-what/fuse.link size=44

16:38:40.091 index.js:1196 DEBUG tokio_fs_ext::fs::wasm::write: writing file path=node_modules/nanoid/fuse.link size=42

16:38:40.091 index.js:1196 DEBUG tokio_fs_ext::fs::wasm::write: writing file path=node_modules/classnames/fuse.link size=49

16:38:40.091 index.js:1196 DEBUG tokio_fs_ext::fs::wasm::write: writing file path=node_modules/rc-textarea/fuse.link size=52

16:38:40.091 index.js:1196 DEBUG tokio_fs_ext::fs::wasm::write: writing file path=node_modules/picomatch/fuse.link size=47

16:38:40.092 index.js:1196 DEBUG tokio_fs_ext::fs::wasm::write: writing file path=node_modules/react-is/fuse.link size=46

16:38:40.092 index.js:1196 DEBUG tokio_fs_ext::fs::wasm::write: writing file path=node_modules/copy-to-clipboard/fuse.link size=63

16:38:40.092 index.js:1196 DEBUG tokio_fs_ext::fs::wasm::write: writing file path=node_modules/rc-pagination/fuse.link size=55

16:38:40.092 index.js:1196 DEBUG tokio_fs_ext::fs::wasm::write: writing file path=node_modules/is-binary-path/fuse.link size=57

16:38:40.092 index.js:1196 DEBUG tokio_fs_ext::fs::wasm::write: writing file path=node_modules/prr/fuse.link size=35

16:38:40.092 index.js:1196 DEBUG tokio_fs_ext::fs::wasm::write: writing file path=node_modules/rc-field-form/fuse.link size=55

16:38:40.092 index.js:1196 DEBUG tokio_fs_ext::fs::wasm::write: writing file path=node_modules/postcss-value-parser/fuse.link size=69

16:38:40.092 index.js:1196 DEBUG tokio_fs_ext::fs::wasm::write: writing file path=node_modules/rc-menu/fuse.link size=44

16:38:40.092 index.js:1196 DEBUG tokio_fs_ext::fs::wasm::write: writing file path=node_modules/binary-extensions/fuse.link size=63

16:38:40.092 index.js:1196 DEBUG tokio_fs_ext::fs::wasm::write: writing file path=node_modules/ts-interface-checker/fuse.link size=70

16:38:40.092 index.js:1196 DEBUG tokio_fs_ext::fs::wasm::write: writing file path=node_modules/rc-notification/fuse.link size=59

16:38:40.092 index.js:1196 DEBUG tokio_fs_ext::fs::wasm::write: writing file path=node_modules/rc-tooltip/fuse.link size=49

16:38:40.093 index.js:1196 DEBUG tokio_fs_ext::fs::wasm::write: writing file path=node_modules/is-core-module/fuse.link size=58

16:38:40.093 index.js:1196 DEBUG tokio_fs_ext::fs::wasm::write: writing file path=node_modules/make-dir/fuse.link size=45

16:38:40.093 index.js:1196 DEBUG tokio_fs_ext::fs::wasm::write: writing file path=node_modules/read-cache/fuse.link size=49

16:38:40.093 index.js:1196 DEBUG tokio_fs_ext::fs::wasm::write: writing file path=node_modules/electron-to-chromium/fuse.link size=71

16:38:40.093 index.js:1196 DEBUG tokio_fs_ext::fs::wasm::write: writing file path=node_modules/rc-motion/fuse.link size=47

16:38:40.093 index.js:1196 DEBUG tokio_fs_ext::fs::wasm::write: writing file path=node_modules/supports-preserve-symlinks-flag/fuse.link size=91

16:38:40.093 index.js:1196 DEBUG tokio_fs_ext::fs::wasm::write: writing file path=node_modules/anymatch/fuse.link size=45

16:38:40.093 index.js:1196 DEBUG tokio_fs_ext::fs::wasm::write: writing file path=node_modules/source-map-js/fuse.link size=55

16:38:40.093 index.js:1196 DEBUG tokio_fs_ext::fs::wasm::write: writing file path=node_modules/path-parse/fuse.link size=49

16:38:40.094 index.js:1196 DEBUG tokio_fs_ext::fs::wasm::write: writing file path=node_modules/browserslist/fuse.link size=54

16:38:40.094 index.js:1196 DEBUG tokio_fs_ext::fs::wasm::write: writing file path=node_modules/rc-collapse/fuse.link size=51

16:38:40.094 index.js:1196 DEBUG tokio_fs_ext::fs::wasm::write: writing file path=node_modules/jiti/fuse.link size=38

16:38:40.094 index.js:1196 DEBUG tokio_fs_ext::fs::wasm::write: writing file path=node_modules/any-promise/fuse.link size=51

16:38:40.094 index.js:1196 DEBUG tokio_fs_ext::fs::wasm::write: writing file path=node_modules/sax/fuse.link size=35

16:38:40.094 index.js:1196 DEBUG tokio_fs_ext::fs::wasm::write: writing file path=node_modules/rc-input-number/fuse.link size=59

16:38:40.094 index.js:1196 DEBUG tokio_fs_ext::fs::wasm::write: writing file path=node_modules/fastq/fuse.link size=40

16:38:40.094 index.js:1196 DEBUG tokio_fs_ext::fs::wasm::write: writing file path=node_modules/normalize-path/fuse.link size=57

16:38:40.094 index.js:1196 DEBUG tokio_fs_ext::fs::wasm::write: writing file path=node_modules/rc-drawer/fuse.link size=47

16:38:40.094 index.js:1196 DEBUG tokio_fs_ext::fs::wasm::write: writing file path=node_modules/csstype/fuse.link size=43

16:38:40.094 index.js:1196 DEBUG tokio_fs_ext::fs::wasm::write: writing file path=node_modules/camelcase-css/fuse.link size=55

16:38:40.094 index.js:1196 DEBUG tokio_fs_ext::fs::wasm::write: writing file path=node_modules/semver/fuse.link size=41

16:38:40.094 index.js:1196 DEBUG tokio_fs_ext::fs::wasm::write: writing file path=node_modules/rc-picker/fuse.link size=48

16:38:40.095 index.js:1196 DEBUG tokio_fs_ext::fs::wasm::write: writing file path=node_modules/postcss/fuse.link size=43

16:38:40.095 index.js:1196 DEBUG tokio_fs_ext::fs::wasm::write: writing file path=node_modules/pify/fuse.link size=37

16:38:40.095 index.js:1196 DEBUG tokio_fs_ext::fs::wasm::write: writing file path=node_modules/braces/fuse.link size=41

16:38:40.095 index.js:1196 DEBUG tokio_fs_ext::fs::wasm::write: writing file path=node_modules/rc-progress/fuse.link size=51

16:38:40.095 index.js:1196 DEBUG tokio_fs_ext::fs::wasm::write: writing file path=node_modules/rc-tree-select/fuse.link size=58

16:38:40.095 index.js:1196 DEBUG tokio_fs_ext::fs::wasm::write: writing file path=node_modules/didyoumean/fuse.link size=49

16:38:40.095 index.js:1196 DEBUG tokio_fs_ext::fs::wasm::write: writing file path=node_modules/rc-input/fuse.link size=45

16:38:40.095 index.js:1196 DEBUG tokio_fs_ext::fs::wasm::write: writing file path=node_modules/dayjs/fuse.link size=41

16:38:40.095 index.js:1196 DEBUG tokio_fs_ext::fs::wasm::write: writing file path=node_modules/throttle-debounce/fuse.link size=63

16:38:40.095 index.js:1196 DEBUG tokio_fs_ext::fs::wasm::write: writing file path=node_modules/compute-scroll-into-view/fuse.link size=77

16:38:40.095 index.js:1196 DEBUG tokio_fs_ext::fs::wasm::write: writing file path=node_modules/react-dom/fuse.link size=48

16:38:40.095 index.js:1196 DEBUG tokio_fs_ext::fs::wasm::write: writing file path=node_modules/lines-and-columns/fuse.link size=63

16:38:40.095 index.js:1196 DEBUG tokio_fs_ext::fs::wasm::write: writing file path=node_modules/update-browserslist-db/fuse.link size=73

16:38:40.096 index.js:1196 DEBUG tokio_fs_ext::fs::wasm::write: writing file path=node_modules/date-fns/fuse.link size=45

16:38:40.096 index.js:1196 DEBUG tokio_fs_ext::fs::wasm::write: writing file path=node_modules/mz/fuse.link size=33

16:38:40.096 index.js:1196 DEBUG tokio_fs_ext::fs::wasm::write: writing file path=node_modules/rc-tabs/fuse.link size=44

16:38:40.096 index.js:1196 DEBUG tokio_fs_ext::fs::wasm::write: writing file path=node_modules/queue-microtask/fuse.link size=59

16:38:40.096 index.js:1196 DEBUG tokio_fs_ext::fs::wasm::write: writing file path=node_modules/rc-switch/fuse.link size=47

16:38:40.096 index.js:1196 DEBUG tokio_fs_ext::fs::wasm::write: writing file path=node_modules/luxon/fuse.link size=39

16:38:40.096 index.js:1196 DEBUG tokio_fs_ext::fs::wasm::write: writing file path=node_modules/rc-resize-observer/fuse.link size=65

16:38:40.096 index.js:1196 DEBUG tokio_fs_ext::fs::wasm::write: writing file path=node_modules/rc-cascader/fuse.link size=52

16:38:40.096 index.js:1196 DEBUG tokio_fs_ext::fs::wasm::write: writing file path=node_modules/errno/fuse.link size=39

16:38:40.096 index.js:1196 DEBUG tokio_fs_ext::fs::wasm::write: writing file path=node_modules/mime/fuse.link size=37

16:38:40.096 index.js:1196 DEBUG tokio_fs_ext::fs::wasm::write: writing file path=node_modules/parse-node-version/fuse.link size=65

16:38:40.096 index.js:1196 DEBUG tokio_fs_ext::fs::wasm::write: writing file path=node_modules/loader-runner/fuse.link size=55

16:38:40.096 index.js:1196 DEBUG tokio_fs_ext::fs::wasm::write: writing file path=node_modules/merge2/fuse.link size=41

16:38:40.097 index.js:1196 DEBUG tokio_fs_ext::fs::wasm::write: writing file path=node_modules/@jridgewell/gen-mapping/fuse.link size=52

16:38:40.097 index.js:1196 DEBUG tokio_fs_ext::fs::wasm::write: writing file path=node_modules/@ant-design/icons/fuse.link size=39

16:38:40.097 index.js:1196 DEBUG tokio_fs_ext::fs::wasm::write: writing file path=node_modules/@babel/runtime/fuse.link size=44

16:38:40.097 index.js:1196 DEBUG tokio_fs_ext::fs::wasm::write: writing file path=node_modules/@nodelib/fs.scandir/fuse.link size=49

16:38:40.097 index.js:1196 DEBUG tokio_fs_ext::fs::wasm::write: writing file path=node_modules/@jridgewell/resolve-uri/fuse.link size=51

16:38:40.097 index.js:1196 DEBUG tokio_fs_ext::fs::wasm::write: writing file path=node_modules/@types/react/fuse.link size=41

16:38:40.098 index.js:1196 DEBUG tokio_fs_ext::fs::wasm::write: writing file path=node_modules/@rc-component/portal/fuse.link size=41

16:38:40.098 index.js:1196 DEBUG tokio_fs_ext::fs::wasm::write: writing file path=node_modules/@ant-design/colors/fuse.link size=41

16:38:40.098 index.js:1196 DEBUG tokio_fs_ext::fs::wasm::write: writing file path=node_modules/@rc-component/mini-decimal/fuse.link size=53

16:38:40.099 index.js:1196 DEBUG tokio_fs_ext::fs::wasm::write: writing file path=node_modules/@rc-component/trigger/fuse.link size=43

16:38:40.099 index.js:1196 DEBUG tokio_fs_ext::fs::wasm::write: writing file path=node_modules/@rc-component/qrcode/fuse.link size=41

16:38:40.099 index.js:1196 DEBUG tokio_fs_ext::fs::wasm::write: writing file path=node_modules/@rc-component/tour/fuse.link size=38

16:38:40.099 index.js:1196 DEBUG tokio_fs_ext::fs::wasm::write: writing file path=node_modules/@types/react-dom/fuse.link size=48

16:38:40.099 index.js:1196 DEBUG tokio_fs_ext::fs::wasm::write: writing file path=node_modules/@tailwindcss/line-clamp/fuse.link size=49

16:38:40.099 index.js:1196 DEBUG tokio_fs_ext::fs::wasm::write: writing file path=node_modules/@nodelib/fs.stat/fuse.link size=43

16:38:40.099 index.js:1196 DEBUG tokio_fs_ext::fs::wasm::write: writing file path=node_modules/@ant-design/cssinjs/fuse.link size=44

16:38:40.099 index.js:1196 DEBUG tokio_fs_ext::fs::wasm::write: writing file path=node_modules/@ant-design/react-slick/fuse.link size=51

16:38:40.099 index.js:1196 DEBUG tokio_fs_ext::fs::wasm::write: writing file path=node_modules/@rc-component/mutate-observer/fuse.link size=59

16:38:40.099 index.js:1196 DEBUG tokio_fs_ext::fs::wasm::write: writing file path=node_modules/@ant-design/icons-svg/fuse.link size=47

16:38:40.100 index.js:1196 DEBUG tokio_fs_ext::fs::wasm::write: writing file path=node_modules/@jridgewell/trace-mapping/fuse.link size=56

16:38:40.100 index.js:1196 DEBUG tokio_fs_ext::fs::wasm::write: writing file path=node_modules/@rc-component/context/fuse.link size=43

16:38:40.100 index.js:1196 DEBUG tokio_fs_ext::fs::wasm::write: writing file path=node_modules/@jridgewell/sourcemap-codec/fuse.link size=59

16:38:40.100 index.js:1196 DEBUG tokio_fs_ext::fs::wasm::write: writing file path=node_modules/@nodelib/fs.walk/fuse.link size=43

16:38:40.101 index.js:1196 DEBUG tokio_fs_ext::fs::wasm::write: writing file path=node_modules/@rc-component/color-picker/fuse.link size=53

16:38:40.101 index.js:1196 DEBUG tokio_fs_ext::fs::wasm::write: writing file path=node_modules/@emotion/unitless/fuse.link size=45

16:38:40.101 index.js:1196 DEBUG tokio_fs_ext::fs::wasm::write: writing file path=node_modules/@rc-component/async-validator/fuse.link size=59

16:38:40.101 index.js:1196 DEBUG tokio_fs_ext::fs::wasm::write: writing file path=node_modules/@alloc/quick-lru/fuse.link size=47

16:38:40.101 index.js:1196 DEBUG tokio_fs_ext::fs::wasm::write: writing file path=node_modules/@ant-design/cssinjs-utils/fuse.link size=55

16:38:40.101 index.js:1196 DEBUG tokio_fs_ext::fs::wasm::write: writing file path=node_modules/@ant-design/fast-color/fuse.link size=49

16:38:40.101 index.js:1196 DEBUG tokio_fs_ext::fs::wasm::write: writing file path=node_modules/@emotion/hash/fuse.link size=37

16:38:40.115 index.js:1196 DEBUG tokio_fs_ext::fs::wasm::write: writing file path=node_modules/tinyglobby/node_modules/picomatch/fuse.link size=47

16:38:40.117 index.js:1196 DEBUG tokio_fs_ext::fs::wasm::write: writing file path=node_modules/read-cache/node_modules/pify/fuse.link size=37

16:38:40.150 index.js:1196 DEBUG tokio_fs_ext::fs::wasm::write: writing file path=node_modules/tinyglobby/node_modules/fdir/fuse.link size=37

16:38:40.157 index.js:1196 DEBUG tokio_fs_ext::fs::wasm::write: writing file path=node_modules/chokidar/node_modules/glob-parent/fuse.link size=51

16:38:40.157 index.js:1196 DEBUG tokio_fs_ext::fs::wasm::write: writing file path=node_modules/fast-glob/node_modules/glob-parent/fuse.link size=51

16:38:40.232  DEBUG tokio_fs_ext::fs::wasm::write: file written successfully path=node_modules/rc-segmented/fuse.link

16:38:40.233  DEBUG tokio_fs_ext::fs::wasm::write: file written successfully path=node_modules/hasown/fuse.link

16:38:40.233  DEBUG tokio_fs_ext::fs::wasm::write: file written successfully path=node_modules/caniuse-lite/fuse.link

16:38:40.234  DEBUG tokio_fs_ext::fs::wasm::write: file written successfully path=node_modules/reusify/fuse.link

16:38:40.235  DEBUG tokio_fs_ext::fs::wasm::write: file written successfully path=node_modules/rc-tree/fuse.link

16:38:40.235  DEBUG tokio_fs_ext::fs::wasm::write: file written successfully path=node_modules/rc-dialog/fuse.link

16:38:40.235  DEBUG tokio_fs_ext::fs::wasm::write: file written successfully path=node_modules/graceful-fs/fuse.link

16:38:40.236 index.js:1196 DEBUG tokio_fs_ext::fs::wasm::write: file written successfully path=node_modules/rc-upload/fuse.link

16:38:40.237 index.js:1196 DEBUG tokio_fs_ext::fs::wasm::write: file written successfully path=node_modules/glob-parent/fuse.link

16:38:40.237 index.js:1196 DEBUG tokio_fs_ext::fs::wasm::write: file written successfully path=node_modules/pirates/fuse.link

16:38:40.238 index.js:1196 DEBUG tokio_fs_ext::fs::wasm::write: file written successfully path=node_modules/object-assign/fuse.link

16:38:40.239 index.js:1196 DEBUG tokio_fs_ext::fs::wasm::write: file written successfully path=node_modules/resize-observer-polyfill/fuse.link

16:38:40.240 index.js:1196 DEBUG tokio_fs_ext::fs::wasm::write: file written successfully path=node_modules/fraction.js/fuse.link

16:38:40.241 index.js:1196 DEBUG tokio_fs_ext::fs::wasm::write: file written successfully path=node_modules/tslib/fuse.link

16:38:40.241 index.js:1196 DEBUG tokio_fs_ext::fs::wasm::write: file written successfully path=node_modules/micromatch/fuse.link

16:38:40.241 index.js:1196 DEBUG tokio_fs_ext::fs::wasm::write: file written successfully path=node_modules/moment/fuse.link

16:38:40.242 index.js:1196 DEBUG tokio_fs_ext::fs::wasm::write: file written successfully path=node_modules/tailwindcss/fuse.link

16:38:40.242 index.js:1196 DEBUG tokio_fs_ext::fs::wasm::write: file written successfully path=node_modules/rc-util/fuse.link

16:38:40.243 index.js:1196 DEBUG tokio_fs_ext::fs::wasm::write: file written successfully path=node_modules/tinyglobby/fuse.link

16:38:40.243 index.js:1196 DEBUG tokio_fs_ext::fs::wasm::write: file written successfully path=node_modules/postcss-nested/fuse.link

16:38:40.243 index.js:1196 DEBUG tokio_fs_ext::fs::wasm::write: file written successfully path=node_modules/fast-glob/fuse.link

16:38:40.244 index.js:1196 DEBUG tokio_fs_ext::fs::wasm::write: file written successfully path=node_modules/toggle-selection/fuse.link

16:38:40.244 index.js:1196 DEBUG tokio_fs_ext::fs::wasm::write: file written successfully path=node_modules/dlv/fuse.link

16:38:40.245 index.js:1196 DEBUG tokio_fs_ext::fs::wasm::write: file written successfully path=node_modules/to-regex-range/fuse.link

16:38:40.245 index.js:1196 DEBUG tokio_fs_ext::fs::wasm::write: file written successfully path=node_modules/run-parallel/fuse.link

16:38:40.246 index.js:1196 DEBUG tokio_fs_ext::fs::wasm::write: file written successfully path=node_modules/cssesc/fuse.link

16:38:40.247 index.js:1196 DEBUG tokio_fs_ext::fs::wasm::write: file written successfully path=node_modules/commander/fuse.link

16:38:40.248 index.js:1196 DEBUG tokio_fs_ext::fs::wasm::write: file written successfully path=node_modules/string-convert/fuse.link

16:38:40.249 index.js:1196 DEBUG tokio_fs_ext::fs::wasm::write: file written successfully path=node_modules/react/fuse.link

16:38:40.250 index.js:1196 DEBUG tokio_fs_ext::fs::wasm::write: file written successfully path=node_modules/rc-virtual-list/fuse.link

16:38:40.250 index.js:1196 DEBUG tokio_fs_ext::fs::wasm::write: file written successfully path=node_modules/postcss-import/fuse.link

16:38:40.251 index.js:1196 DEBUG tokio_fs_ext::fs::wasm::write: file written successfully path=node_modules/image-size/fuse.link

16:38:40.251 index.js:1196 DEBUG tokio_fs_ext::fs::wasm::write: file written successfully path=node_modules/postcss-load-config/fuse.link

16:38:40.251 index.js:1196 DEBUG tokio_fs_ext::fs::wasm::write: file written successfully path=node_modules/less/fuse.link

16:38:40.252 index.js:1196 DEBUG tokio_fs_ext::fs::wasm::write: file written successfully path=node_modules/rc-rate/fuse.link

16:38:40.252 index.js:1196 DEBUG tokio_fs_ext::fs::wasm::write: file written successfully path=node_modules/util-deprecate/fuse.link

16:38:40.252 index.js:1196 DEBUG tokio_fs_ext::fs::wasm::write: file written successfully path=node_modules/rc-select/fuse.link

16:38:40.253 index.js:1196 DEBUG tokio_fs_ext::fs::wasm::write: file written successfully path=node_modules/node-releases/fuse.link

16:38:40.253 index.js:1196 DEBUG tokio_fs_ext::fs::wasm::write: file written successfully path=node_modules/rc-checkbox/fuse.link

16:38:40.254 index.js:1196 DEBUG tokio_fs_ext::fs::wasm::write: file written successfully path=node_modules/needle/fuse.link

16:38:40.254 index.js:1196 DEBUG tokio_fs_ext::fs::wasm::write: file written successfully path=node_modules/thenify-all/fuse.link

16:38:40.255 index.js:1196 DEBUG tokio_fs_ext::fs::wasm::write: file written successfully path=node_modules/postcss-js/fuse.link

16:38:40.255 index.js:1196 DEBUG tokio_fs_ext::fs::wasm::write: file written successfully path=node_modules/scheduler/fuse.link

16:38:40.261 index.js:1196 DEBUG tokio_fs_ext::fs::wasm::write: file written successfully path=node_modules/function-bind/fuse.link

16:38:40.261 index.js:1196 DEBUG tokio_fs_ext::fs::wasm::write: file written successfully path=node_modules/fill-range/fuse.link

16:38:40.261 index.js:1196 DEBUG tokio_fs_ext::fs::wasm::write: file written successfully path=node_modules/picocolors/fuse.link

16:38:40.261 index.js:1196 DEBUG tokio_fs_ext::fs::wasm::write: file written successfully path=node_modules/source-map/fuse.link

16:38:40.261 index.js:1196 DEBUG tokio_fs_ext::fs::wasm::write: file written successfully path=node_modules/autoprefixer/fuse.link

16:38:40.261 index.js:1196 DEBUG tokio_fs_ext::fs::wasm::write: file written successfully path=node_modules/chokidar/fuse.link

16:38:40.261 index.js:1196 DEBUG tokio_fs_ext::fs::wasm::write: file written successfully path=node_modules/is-extglob/fuse.link

16:38:40.261 index.js:1196 DEBUG tokio_fs_ext::fs::wasm::write: file written successfully path=node_modules/antd/fuse.link

16:38:40.261 index.js:1196 DEBUG tokio_fs_ext::fs::wasm::write: file written successfully path=node_modules/rc-table/fuse.link

16:38:40.261 index.js:1196 DEBUG tokio_fs_ext::fs::wasm::write: file written successfully path=node_modules/is-number/fuse.link

16:38:40.261 index.js:1196 DEBUG tokio_fs_ext::fs::wasm::write: file written successfully path=node_modules/postcss-selector-parser/fuse.link

16:38:40.261 index.js:1196 DEBUG tokio_fs_ext::fs::wasm::write: file written successfully path=node_modules/scroll-into-view-if-needed/fuse.link

16:38:40.262 index.js:1196 DEBUG tokio_fs_ext::fs::wasm::write: file written successfully path=node_modules/rc-slider/fuse.link

16:38:40.264 index.js:1196 DEBUG tokio_fs_ext::fs::wasm::write: file written successfully path=node_modules/safer-buffer/fuse.link

16:38:40.266 index.js:1196 DEBUG tokio_fs_ext::fs::wasm::write: file written successfully path=node_modules/rc-steps/fuse.link

16:38:40.266 index.js:1196 DEBUG tokio_fs_ext::fs::wasm::write: file written successfully path=node_modules/readdirp/fuse.link

16:38:40.266 index.js:1196 DEBUG tokio_fs_ext::fs::wasm::write: file written successfully path=node_modules/rc-overflow/fuse.link

16:38:40.266 index.js:1196 DEBUG tokio_fs_ext::fs::wasm::write: file written successfully path=node_modules/arg/fuse.link

16:38:40.267 index.js:1196 DEBUG tokio_fs_ext::fs::wasm::write: file written successfully path=node_modules/thenify/fuse.link

16:38:40.267 index.js:1196 DEBUG tokio_fs_ext::fs::wasm::write: file written successfully path=node_modules/is-glob/fuse.link

16:38:40.268 index.js:1196 DEBUG tokio_fs_ext::fs::wasm::write: file written successfully path=node_modules/rc-image/fuse.link

16:38:40.268 index.js:1196 DEBUG tokio_fs_ext::fs::wasm::write: file written successfully path=node_modules/tailwindcss-animate/fuse.link

16:38:40.269 index.js:1196 DEBUG tokio_fs_ext::fs::wasm::write: file written successfully path=node_modules/baseline-browser-mapping/fuse.link

16:38:40.271 index.js:1196 DEBUG tokio_fs_ext::fs::wasm::write: file written successfully path=node_modules/resolve/fuse.link

16:38:40.271 index.js:1196 DEBUG tokio_fs_ext::fs::wasm::write: file written successfully path=node_modules/copy-anything/fuse.link

16:38:40.272 index.js:1196 DEBUG tokio_fs_ext::fs::wasm::write: file written successfully path=node_modules/sucrase/fuse.link

16:38:40.273 index.js:1196 DEBUG tokio_fs_ext::fs::wasm::write: file written successfully path=node_modules/less-loader/fuse.link

16:38:40.274 index.js:1196 DEBUG tokio_fs_ext::fs::wasm::write: file written successfully path=node_modules/json2mq/fuse.link

16:38:40.274 index.js:1196 DEBUG tokio_fs_ext::fs::wasm::write: file written successfully path=node_modules/iconv-lite/fuse.link

16:38:40.274 index.js:1196 DEBUG tokio_fs_ext::fs::wasm::write: file written successfully path=node_modules/rc-mentions/fuse.link

16:38:40.275 index.js:1196 DEBUG tokio_fs_ext::fs::wasm::write: file written successfully path=node_modules/object-hash/fuse.link

16:38:40.276 index.js:1196 DEBUG tokio_fs_ext::fs::wasm::write: file written successfully path=node_modules/escalade/fuse.link

16:38:40.276 index.js:1196 DEBUG tokio_fs_ext::fs::wasm::write: file written successfully path=node_modules/lilconfig/fuse.link

16:38:40.276 index.js:1196 DEBUG tokio_fs_ext::fs::wasm::write: file written successfully path=node_modules/rc-dropdown/fuse.link

16:38:40.277 index.js:1196 DEBUG tokio_fs_ext::fs::wasm::write: file written successfully path=node_modules/stylis/fuse.link

16:38:40.278 index.js:1196 DEBUG tokio_fs_ext::fs::wasm::write: file written successfully path=node_modules/is-what/fuse.link

16:38:40.278 index.js:1196 DEBUG tokio_fs_ext::fs::wasm::write: file written successfully path=node_modules/nanoid/fuse.link

16:38:40.278 index.js:1196 DEBUG tokio_fs_ext::fs::wasm::write: file written successfully path=node_modules/classnames/fuse.link

16:38:40.279 index.js:1196 DEBUG tokio_fs_ext::fs::wasm::write: file written successfully path=node_modules/rc-textarea/fuse.link

16:38:40.279 index.js:1196 DEBUG tokio_fs_ext::fs::wasm::write: file written successfully path=node_modules/picomatch/fuse.link

16:38:40.280 index.js:1196 DEBUG tokio_fs_ext::fs::wasm::write: file written successfully path=node_modules/react-is/fuse.link

16:38:40.280 index.js:1196 DEBUG tokio_fs_ext::fs::wasm::write: file written successfully path=node_modules/copy-to-clipboard/fuse.link

16:38:40.281 index.js:1196 DEBUG tokio_fs_ext::fs::wasm::write: file written successfully path=node_modules/rc-pagination/fuse.link

16:38:40.281 index.js:1196 DEBUG tokio_fs_ext::fs::wasm::write: file written successfully path=node_modules/is-binary-path/fuse.link

16:38:40.282 index.js:1196 DEBUG tokio_fs_ext::fs::wasm::write: file written successfully path=node_modules/prr/fuse.link

16:38:40.282 index.js:1196 DEBUG tokio_fs_ext::fs::wasm::write: file written successfully path=node_modules/rc-field-form/fuse.link

16:38:40.282 index.js:1196 DEBUG tokio_fs_ext::fs::wasm::write: file written successfully path=node_modules/postcss-value-parser/fuse.link

16:38:40.283 index.js:1196 DEBUG tokio_fs_ext::fs::wasm::write: file written successfully path=node_modules/rc-menu/fuse.link

16:38:40.284 index.js:1196 DEBUG tokio_fs_ext::fs::wasm::write: file written successfully path=node_modules/binary-extensions/fuse.link

16:38:40.284 index.js:1196 DEBUG tokio_fs_ext::fs::wasm::write: file written successfully path=node_modules/ts-interface-checker/fuse.link

16:38:40.284 index.js:1196 DEBUG tokio_fs_ext::fs::wasm::write: file written successfully path=node_modules/rc-notification/fuse.link

16:38:40.285 index.js:1196 DEBUG tokio_fs_ext::fs::wasm::write: file written successfully path=node_modules/rc-tooltip/fuse.link

16:38:40.285 index.js:1196 DEBUG tokio_fs_ext::fs::wasm::write: file written successfully path=node_modules/is-core-module/fuse.link

16:38:40.286 index.js:1196 DEBUG tokio_fs_ext::fs::wasm::write: file written successfully path=node_modules/make-dir/fuse.link

16:38:40.286 index.js:1196 DEBUG tokio_fs_ext::fs::wasm::write: file written successfully path=node_modules/read-cache/fuse.link

16:38:40.286 index.js:1196 DEBUG tokio_fs_ext::fs::wasm::write: file written successfully path=node_modules/electron-to-chromium/fuse.link

16:38:40.287 index.js:1196 DEBUG tokio_fs_ext::fs::wasm::write: file written successfully path=node_modules/rc-motion/fuse.link

16:38:40.287 index.js:1196 DEBUG tokio_fs_ext::fs::wasm::write: file written successfully path=node_modules/supports-preserve-symlinks-flag/fuse.link

16:38:40.287 index.js:1196 DEBUG tokio_fs_ext::fs::wasm::write: file written successfully path=node_modules/anymatch/fuse.link

16:38:40.288 index.js:1196 DEBUG tokio_fs_ext::fs::wasm::write: file written successfully path=node_modules/source-map-js/fuse.link

16:38:40.288 index.js:1196 DEBUG tokio_fs_ext::fs::wasm::write: file written successfully path=node_modules/path-parse/fuse.link

16:38:40.288 index.js:1196 DEBUG tokio_fs_ext::fs::wasm::write: file written successfully path=node_modules/browserslist/fuse.link

16:38:40.289 index.js:1196 DEBUG tokio_fs_ext::fs::wasm::write: file written successfully path=node_modules/rc-collapse/fuse.link

16:38:40.289 index.js:1196 DEBUG tokio_fs_ext::fs::wasm::write: file written successfully path=node_modules/jiti/fuse.link

16:38:40.289 index.js:1196 DEBUG tokio_fs_ext::fs::wasm::write: file written successfully path=node_modules/any-promise/fuse.link

16:38:40.290 index.js:1196 DEBUG tokio_fs_ext::fs::wasm::write: file written successfully path=node_modules/sax/fuse.link

16:38:40.290 index.js:1196 DEBUG tokio_fs_ext::fs::wasm::write: file written successfully path=node_modules/rc-input-number/fuse.link

16:38:40.290 index.js:1196 DEBUG tokio_fs_ext::fs::wasm::write: file written successfully path=node_modules/fastq/fuse.link

16:38:40.291 index.js:1196 DEBUG tokio_fs_ext::fs::wasm::write: file written successfully path=node_modules/normalize-path/fuse.link

16:38:40.291 index.js:1196 DEBUG tokio_fs_ext::fs::wasm::write: file written successfully path=node_modules/rc-drawer/fuse.link

16:38:40.291 index.js:1196 DEBUG tokio_fs_ext::fs::wasm::write: file written successfully path=node_modules/csstype/fuse.link

16:38:40.292 index.js:1196 DEBUG tokio_fs_ext::fs::wasm::write: file written successfully path=node_modules/camelcase-css/fuse.link

16:38:40.292 index.js:1196 DEBUG tokio_fs_ext::fs::wasm::write: file written successfully path=node_modules/semver/fuse.link

16:38:40.293 index.js:1196 DEBUG tokio_fs_ext::fs::wasm::write: file written successfully path=node_modules/rc-picker/fuse.link

16:38:40.293 index.js:1196 DEBUG tokio_fs_ext::fs::wasm::write: file written successfully path=node_modules/postcss/fuse.link

16:38:40.294 index.js:1196 DEBUG tokio_fs_ext::fs::wasm::write: file written successfully path=node_modules/pify/fuse.link

16:38:40.294 index.js:1196 DEBUG tokio_fs_ext::fs::wasm::write: file written successfully path=node_modules/braces/fuse.link

16:38:40.302 index.js:1196 DEBUG tokio_fs_ext::fs::wasm::write: file written successfully path=node_modules/rc-progress/fuse.link

16:38:40.302 index.js:1196 DEBUG tokio_fs_ext::fs::wasm::write: file written successfully path=node_modules/rc-tree-select/fuse.link

16:38:40.302 index.js:1196 DEBUG tokio_fs_ext::fs::wasm::write: file written successfully path=node_modules/didyoumean/fuse.link

16:38:40.302 index.js:1196 DEBUG tokio_fs_ext::fs::wasm::write: file written successfully path=node_modules/rc-input/fuse.link

16:38:40.302 index.js:1196 DEBUG tokio_fs_ext::fs::wasm::write: file written successfully path=node_modules/dayjs/fuse.link

16:38:40.302 index.js:1196 DEBUG tokio_fs_ext::fs::wasm::write: file written successfully path=node_modules/throttle-debounce/fuse.link

16:38:40.302 index.js:1196 DEBUG tokio_fs_ext::fs::wasm::write: file written successfully path=node_modules/compute-scroll-into-view/fuse.link

16:38:40.303 index.js:1196 DEBUG tokio_fs_ext::fs::wasm::write: file written successfully path=node_modules/react-dom/fuse.link

16:38:40.303 index.js:1196 DEBUG tokio_fs_ext::fs::wasm::write: file written successfully path=node_modules/lines-and-columns/fuse.link

16:38:40.303 index.js:1196 DEBUG tokio_fs_ext::fs::wasm::write: file written successfully path=node_modules/update-browserslist-db/fuse.link

16:38:40.303 index.js:1196 DEBUG tokio_fs_ext::fs::wasm::write: file written successfully path=node_modules/date-fns/fuse.link

16:38:40.303 index.js:1196 DEBUG tokio_fs_ext::fs::wasm::write: file written successfully path=node_modules/mz/fuse.link

16:38:40.303 index.js:1196 DEBUG tokio_fs_ext::fs::wasm::write: file written successfully path=node_modules/rc-tabs/fuse.link

16:38:40.303 index.js:1196 DEBUG tokio_fs_ext::fs::wasm::write: file written successfully path=node_modules/queue-microtask/fuse.link

16:38:40.303 index.js:1196 DEBUG tokio_fs_ext::fs::wasm::write: file written successfully path=node_modules/rc-switch/fuse.link

16:38:40.303 index.js:1196 DEBUG tokio_fs_ext::fs::wasm::write: file written successfully path=node_modules/luxon/fuse.link

16:38:40.303 index.js:1196 DEBUG tokio_fs_ext::fs::wasm::write: file written successfully path=node_modules/rc-resize-observer/fuse.link

16:38:40.303 index.js:1196 DEBUG tokio_fs_ext::fs::wasm::write: file written successfully path=node_modules/rc-cascader/fuse.link

16:38:40.303 index.js:1196 DEBUG tokio_fs_ext::fs::wasm::write: file written successfully path=node_modules/errno/fuse.link

16:38:40.303 index.js:1196 DEBUG tokio_fs_ext::fs::wasm::write: file written successfully path=node_modules/mime/fuse.link

16:38:40.304 index.js:1196 DEBUG tokio_fs_ext::fs::wasm::write: file written successfully path=node_modules/parse-node-version/fuse.link

16:38:40.304 index.js:1196 DEBUG tokio_fs_ext::fs::wasm::write: file written successfully path=node_modules/loader-runner/fuse.link

16:38:40.304 index.js:1196 DEBUG tokio_fs_ext::fs::wasm::write: file written successfully path=node_modules/merge2/fuse.link

16:38:40.305 index.js:1196 DEBUG tokio_fs_ext::fs::wasm::write: file written successfully path=node_modules/@jridgewell/gen-mapping/fuse.link

16:38:40.305 index.js:1196 DEBUG tokio_fs_ext::fs::wasm::write: file written successfully path=node_modules/@ant-design/icons/fuse.link

16:38:40.306 index.js:1196 DEBUG tokio_fs_ext::fs::wasm::write: file written successfully path=node_modules/@babel/runtime/fuse.link

16:38:40.306 index.js:1196 DEBUG tokio_fs_ext::fs::wasm::write: file written successfully path=node_modules/@nodelib/fs.scandir/fuse.link

16:38:40.307 index.js:1196 DEBUG tokio_fs_ext::fs::wasm::write: file written successfully path=node_modules/@jridgewell/resolve-uri/fuse.link

16:38:40.307 index.js:1196 DEBUG tokio_fs_ext::fs::wasm::write: file written successfully path=node_modules/@types/react/fuse.link

16:38:40.309 index.js:1196 DEBUG tokio_fs_ext::fs::wasm::write: file written successfully path=node_modules/@rc-component/portal/fuse.link

16:38:40.309 index.js:1196 DEBUG tokio_fs_ext::fs::wasm::write: file written successfully path=node_modules/@ant-design/colors/fuse.link

16:38:40.310 index.js:1196 DEBUG tokio_fs_ext::fs::wasm::write: file written successfully path=node_modules/@rc-component/mini-decimal/fuse.link

16:38:40.310 index.js:1196 DEBUG tokio_fs_ext::fs::wasm::write: file written successfully path=node_modules/@rc-component/trigger/fuse.link

16:38:40.311 index.js:1196 DEBUG tokio_fs_ext::fs::wasm::write: file written successfully path=node_modules/@rc-component/qrcode/fuse.link

16:38:40.311 index.js:1196 DEBUG tokio_fs_ext::fs::wasm::write: file written successfully path=node_modules/@rc-component/tour/fuse.link

16:38:40.311 index.js:1196 DEBUG tokio_fs_ext::fs::wasm::write: file written successfully path=node_modules/@types/react-dom/fuse.link

16:38:40.312 index.js:1196 DEBUG tokio_fs_ext::fs::wasm::write: file written successfully path=node_modules/@tailwindcss/line-clamp/fuse.link

16:38:40.312 index.js:1196 DEBUG tokio_fs_ext::fs::wasm::write: file written successfully path=node_modules/@nodelib/fs.stat/fuse.link

16:38:40.313 index.js:1196 DEBUG tokio_fs_ext::fs::wasm::write: file written successfully path=node_modules/@ant-design/cssinjs/fuse.link

16:38:40.313 index.js:1196 DEBUG tokio_fs_ext::fs::wasm::write: file written successfully path=node_modules/@ant-design/react-slick/fuse.link

16:38:40.314 index.js:1196 DEBUG tokio_fs_ext::fs::wasm::write: file written successfully path=node_modules/@rc-component/mutate-observer/fuse.link

16:38:40.314 index.js:1196 DEBUG tokio_fs_ext::fs::wasm::write: file written successfully path=node_modules/@ant-design/icons-svg/fuse.link

16:38:40.315 index.js:1196 DEBUG tokio_fs_ext::fs::wasm::write: file written successfully path=node_modules/@jridgewell/trace-mapping/fuse.link

16:38:40.316 index.js:1196 DEBUG tokio_fs_ext::fs::wasm::write: file written successfully path=node_modules/@rc-component/context/fuse.link

16:38:40.317 index.js:1196 DEBUG tokio_fs_ext::fs::wasm::write: file written successfully path=node_modules/@jridgewell/sourcemap-codec/fuse.link

16:38:40.321 index.js:1196 DEBUG tokio_fs_ext::fs::wasm::write: file written successfully path=node_modules/@nodelib/fs.walk/fuse.link

16:38:40.324 index.js:1196 DEBUG tokio_fs_ext::fs::wasm::write: file written successfully path=node_modules/@rc-component/color-picker/fuse.link

16:38:40.324 index.js:1196 DEBUG tokio_fs_ext::fs::wasm::write: file written successfully path=node_modules/@emotion/unitless/fuse.link

16:38:40.325 index.js:1196 DEBUG tokio_fs_ext::fs::wasm::write: file written successfully path=node_modules/@rc-component/async-validator/fuse.link

16:38:40.325 index.js:1196 DEBUG tokio_fs_ext::fs::wasm::write: file written successfully path=node_modules/@alloc/quick-lru/fuse.link

16:38:40.326 index.js:1196 DEBUG tokio_fs_ext::fs::wasm::write: file written successfully path=node_modules/@ant-design/cssinjs-utils/fuse.link

16:38:40.326 index.js:1196 DEBUG tokio_fs_ext::fs::wasm::write: file written successfully path=node_modules/@ant-design/fast-color/fuse.link

16:38:40.327 index.js:1196 DEBUG tokio_fs_ext::fs::wasm::write: file written successfully path=node_modules/@emotion/hash/fuse.link

16:38:40.329 index.js:1196 DEBUG tokio_fs_ext::fs::wasm::write: file written successfully path=node_modules/tinyglobby/node_modules/picomatch/fuse.link

16:38:40.329 index.js:1196 DEBUG tokio_fs_ext::fs::wasm::write: file written successfully path=node_modules/read-cache/node_modules/pify/fuse.link

16:38:40.331 index.js:1196 DEBUG tokio_fs_ext::fs::wasm::write: file written successfully path=node_modules/tinyglobby/node_modules/fdir/fuse.link

16:38:40.332 index.js:1196 DEBUG tokio_fs_ext::fs::wasm::write: file written successfully path=node_modules/chokidar/node_modules/glob-parent/fuse.link

16:38:40.332 index.js:1196 DEBUG tokio_fs_ext::fs::wasm::write: file written successfully path=node_modules/fast-glob/node_modules/glob-parent/fuse.link

16:38:40.333 utooService.ts:164 OPFS Project: Finished to install dependencies in 361 ms.
16:38:40.339 utooService.ts:40 hasPackageLock: found
16:38:44.762 index.js:1302  INFO tokio_fs_ext::fs::wasm::opfs::watch: starting directory watch path=/utooweb-demo recursive=true

16:38:45.794 useBuild.ts:14 Pack Project: Finished to build in 1093 ms.
16:38:45.795 index.js:1196 DEBUG tokio_fs_ext::fs::wasm::write: writing file path=dist/index.html size=267

16:38:45.801 index.js:1196 DEBUG tokio_fs_ext::fs::wasm::write: file written successfully path=dist/index.html

16:38:53.392 index.js:1196 DEBUG tokio_fs_ext::fs::wasm::write: writing file path=./src/App.tsx size=2233

16:38:53.402 index.js:1196 DEBUG tokio_fs_ext::fs::wasm::write: file written successfully path=./src/App.tsx

16:38:53.402 useFileContent.ts:37 File ./src/App.tsx saved successfully.
16:38:58.906 useBuild.ts:14 Pack Project: Finished to build in 2 ms.
16:38:58.908 index.js:1196 DEBUG tokio_fs_ext::fs::wasm::write: writing file path=dist/index.html size=267

16:38:58.912 index.js:1196 DEBUG tokio_fs_ext::fs::wasm::write: file written successfully path=dist/index.html

